execve("./pipe", ["./pipe", "ls", "wc", "cat", "cat"], 0x7ffde2255bf0 /* 48 vars */) = 0
brk(NULL)                               = 0x1c2e000
arch_prctl(0x3001 /* ARCH_??? */, 0x7ffd41db34a0) = -1 EINVAL (Invalid argument)
mmap(NULL, 8192, PROT_READ|PROT_WRITE, MAP_PRIVATE|MAP_ANONYMOUS, -1, 0) = 0x7f31bb1da000
access("/etc/ld.so.preload", R_OK)      = -1 ENOENT (No such file or directory)
openat(AT_FDCWD, "/etc/ld.so.cache", O_RDONLY|O_CLOEXEC) = 3
fstat(3, {st_mode=S_IFREG|0644, st_size=73231, ...}) = 0
mmap(NULL, 73231, PROT_READ, MAP_PRIVATE, 3, 0) = 0x7f31bb1c8000
close(3)                                = 0
openat(AT_FDCWD, "/lib64/libc.so.6", O_RDONLY|O_CLOEXEC) = 3
read(3, "\177ELF\2\1\1\3\0\0\0\0\0\0\0\0\3\0>\0\1\0\0\0`\256\3\0\0\0\0\0"..., 832) = 832
fstat(3, {st_mode=S_IFREG|0755, st_size=2093744, ...}) = 0
lseek(3, 808, SEEK_SET)                 = 808
read(3, "\4\0\0\0\20\0\0\0\5\0\0\0GNU\0\2\0\0\300\4\0\0\0\3\0\0\0\0\0\0\0", 32) = 32
mmap(NULL, 3954880, PROT_READ|PROT_EXEC, MAP_PRIVATE|MAP_DENYWRITE, 3, 0) = 0x7f31babe9000
mprotect(0x7f31bada5000, 2097152, PROT_NONE) = 0
mmap(0x7f31bafa5000, 24576, PROT_READ|PROT_WRITE, MAP_PRIVATE|MAP_FIXED|MAP_DENYWRITE, 3, 0x1bc000) = 0x7f31bafa5000
mmap(0x7f31bafab000, 14528, PROT_READ|PROT_WRITE, MAP_PRIVATE|MAP_FIXED|MAP_ANONYMOUS, -1, 0) = 0x7f31bafab000
close(3)                                = 0
mmap(NULL, 12288, PROT_READ|PROT_WRITE, MAP_PRIVATE|MAP_ANONYMOUS, -1, 0) = 0x7f31bb1c5000
arch_prctl(ARCH_SET_FS, 0x7f31bb1c5740) = 0
mprotect(0x7f31bafa5000, 16384, PROT_READ) = 0
mprotect(0x600000, 4096, PROT_READ)     = 0
mprotect(0x7f31bb1dc000, 4096, PROT_READ) = 0
munmap(0x7f31bb1c8000, 73231)           = 0
pipe([3, 4])                            = 0
pipe([5, 6])                            = 0
pipe([7, 8])                            = 0
clone(child_stack=NULL, flags=CLONE_CHILD_CLEARTID|CLONE_CHILD_SETTID|SIGCHLD, child_tidptr=0x7f31bb1c5a10) = 817877
clone(child_stack=NULL, flags=CLONE_CHILD_CLEARTID|CLONE_CHILD_SETTID|SIGCHLD, child_tidptr=0x7f31bb1c5a10) = 817878
clone(child_stack=NULL, flags=CLONE_CHILD_CLEARTID|CLONE_CHILD_SETTID|SIGCHLD, child_tidptr=0x7f31bb1c5a10) = ? ERESTARTNOINTR (To be restarted)
--- SIGCHLD {si_signo=SIGCHLD, si_code=CLD_EXITED, si_pid=817877, si_uid=14930, si_status=0, si_utime=0, si_stime=0} ---
clone(child_stack=NULL, flags=CLONE_CHILD_CLEARTID|CLONE_CHILD_SETTID|SIGCHLD, child_tidptr=0x7f31bb1c5a10) = 817879
clone(child_stack=NULL, flags=CLONE_CHILD_CLEARTID|CLONE_CHILD_SETTID|SIGCHLD, child_tidptr=0x7f31bb1c5a10) = 817880
close(3)                                = 0
close(4)                                = 0
--- SIGCHLD {si_signo=SIGCHLD, si_code=CLD_EXITED, si_pid=817878, si_uid=14930, si_status=0, si_utime=0, si_stime=0} ---
close(5)                                = 0
close(6)                                = 0
--- SIGCHLD {si_signo=SIGCHLD, si_code=CLD_EXITED, si_pid=817879, si_uid=14930, si_status=0, si_utime=0, si_stime=0} ---
close(7)                                = 0
close(8)                                = 0
--- SIGCHLD {si_signo=SIGCHLD, si_code=CLD_EXITED, si_pid=817880, si_uid=14930, si_status=0, si_utime=0, si_stime=0} ---
wait4(817880, [{WIFEXITED(s) && WEXITSTATUS(s) == 0}], 0, NULL) = 817880
wait4(817880, 0x7ffd41db348c, 0, NULL)  = -1 ECHILD (No child processes)
wait4(817880, 0x7ffd41db348c, 0, NULL)  = -1 ECHILD (No child processes)
wait4(817880, 0x7ffd41db348c, 0, NULL)  = -1 ECHILD (No child processes)
exit_group(0)                           = ?
+++ exited with 0 +++
